<?xml version="1.0" encoding="UTF-8"?>
<!-- Generated by org.testng.reporters.JUnitReportReporter -->
<testsuite hostname="DESKTOP-7N6C09U" failures="0" tests="4" name="seleniumEasy.InputForms" time="23.341" errors="0" timestamp="12 Aug 2018 13:10:56 GMT" skipped="0">
  <testcase classname="seleniumEasy.InputForms" name="validateSimpleFormDemo" time="2.253"/>
  <testcase classname="seleniumEasy.InputForms" name="validateCheckboxDemo" time="1.911"/>
  <testcase classname="seleniumEasy.InputForms" name="validateRadioButtonDemo" time="1.760"/>
  <testcase classname="seleniumEasy.InputForms" name="validateDropDownDemo" time="17.417"/>
</testsuite> <!-- seleniumEasy.InputForms -->
