<?xml version="1.0" encoding="UTF-8"?>
<!-- Generated by org.testng.reporters.JUnitReportReporter -->
<testsuite hostname="DESKTOP-7N6C09U" failures="0" tests="3" name="seleniumEasy.AlertnModal" time="35.819" errors="0" timestamp="12 Aug 2018 13:10:56 GMT" skipped="0">
  <testcase classname="seleniumEasy.AlertnModal" name="testWindowPopup" time="23.409"/>
  <testcase classname="seleniumEasy.AlertnModal" name="testFileDownload" time="7.573"/>
  <testcase classname="seleniumEasy.AlertnModal" name="testJavascriptAlerts" time="4.837"/>
</testsuite> <!-- seleniumEasy.AlertnModal -->
