<?xml version="1.0" encoding="UTF-8"?>
<!-- Generated by org.testng.reporters.JUnitReportReporter -->
<testsuite hostname="DESKTOP-7N6C09U" failures="0" tests="1" name="com.goibibo.flights.HomePage" time="12.434" errors="0" timestamp="11 Aug 2018 15:18:35 GMT" skipped="0">
  <testcase classname="com.goibibo.flights.HomePage" name="flightBookingPage" time="12.434"/>
</testsuite> <!-- com.goibibo.flights.HomePage -->
