<?xml version="1.0" encoding="UTF-8"?>
<!-- Generated by org.testng.reporters.JUnitReportReporter -->
<testsuite hostname="DESKTOP-7N6C09U" failures="0" tests="1" name="com.goibibo.goibibo.AppTest" time="0.031" errors="0" timestamp="25 Jul 2018 11:20:11 GMT" skipped="0">
  <testcase classname="com.goibibo.goibibo.AppTest" name="shouldAnswerWithTrue" time="0.031"/>
</testsuite> <!-- com.goibibo.goibibo.AppTest -->
